<?xml version="1.0" encoding="UTF-8"?>
<!-- Generated by org.testng.reporters.JUnitXMLReporter -->
<testsuite ignored="0" hostname="DESKTOP-EDAL3S7" failures="0" tests="3" name="chromeTest" time="16.959" errors="0" timestamp="2025-02-21T16:54:37 IST">
  <testcase classname="testng.paramTest" name="testLogo" time="2.006"/>
  <testcase classname="testng.paramTest" name="testTitle" time="0.09"/>
  <testcase classname="testng.paramTest" name="testURL" time="0.046"/>
</testsuite> <!-- chromeTest -->
